<?xml version="1.0" encoding="UTF-8"?>
<!-- Generated by org.testng.reporters.JUnitXMLReporter -->
<testsuite ignored="0" hostname="ASCGINLAP09511" failures="0" tests="6" name="Default test" time="103.517" errors="0" timestamp="2025-11-29T12:17:20 IST">
  <testcase classname="com.ca.qa.testcases.FormPageTest" name="validateformPagewithDataDrivenapproach" time="1.353"/>
  <testcase classname="com.ca.qa.testcases.FormPageTest" name="validateformPagewithDataDrivenapproach" time="1.02"/>
  <testcase classname="com.ca.qa.testcases.FormPageTest" name="validateformPagewithDataDrivenapproach" time="1.392"/>
  <testcase classname="com.ca.qa.testcases.FormPageTest" name="validateformPagewithDataDrivenapproach" time="1.534"/>
  <testcase classname="com.ca.qa.testcases.FormPageTest" name="validateformPagewithDataDrivenapproach" time="1.234"/>
  <testcase classname="com.ca.qa.testcases.FormPageTest" name="validateformPagewithDataDrivenapproach" time="1.238"/>
</testsuite> <!-- Default test -->
