<!DOCTYPE html PUBLIC "-//W3C//DTD XHTML 1.1//EN" "https://www.w3.org/TR/xhtml11/DTD/xhtml11.dtd">
<html xmlns="https://www.w3.org/1999/xhtml">
<head>
<meta http-equiv="content-type" content="text/html; charset=UTF-8"/>
<title>TestNG Report</title>
<style type="text/css">table {margin-bottom:10px;border-collapse:collapse;empty-cells:show}th,td {border:1px solid #009;padding:.25em .5em}th {vertical-align:bottom}td {vertical-align:top}table a {font-weight:bold}.stripe td {background-color: #E6EBF9}.num {text-align:right}.passedodd td {background-color: #3F3}.passedeven td {background-color: #0A0}.skippedodd td {background-color: #DDD}.skippedeven td {background-color: #CCC}.failedodd td,.attn {background-color: #F33}.failedeven td,.stripe .attn {background-color: #D00}.stacktrace {white-space:pre;font-family:monospace}.totop {font-size:85%;text-align:center;border-bottom:2px solid #000}.invisible {display:none}</style>
</head>
<body>
<table>
<tr><th>Test</th><th># Passed</th><th># Skipped</th><th># Retried</th><th># Failed</th><th>Time (ms)</th><th>Included Groups</th><th>Excluded Groups</th></tr>
<tr><th colspan="8">MyFirstProject</th></tr>
<tr><td><a href="#t0">FunctionalTests</a></td><td class="num">7</td><td class="num">0</td><td class="num">0</td><td class="num attn">5</td><td class="num">338,279</td><td></td><td></td></tr>
</table>
<table id='summary'><thead><tr><th>Class</th><th>Method</th><th>Start</th><th>Time (ms)</th></tr></thead><tbody><tr><th colspan="4">MyFirstProject</th></tr></tbody><tbody id="t0"><tr><th colspan="4">FunctionalTests &#8212; failed</th></tr><tr class="failedeven"><td rowspan="5">com.ca.qa.testcases.FormPageTest</td><td><a href="#m0">validateformPagewithDataDrivenapproach</a></td><td rowspan="5">1764679279159</td><td rowspan="5">1156</td></tr><tr class="failedeven"><td><a href="#m1">validateformPagewithDataDrivenapproach</a></td></tr><tr class="failedeven"><td><a href="#m2">validateformPagewithDataDrivenapproach</a></td></tr><tr class="failedeven"><td><a href="#m3">validateformPagewithDataDrivenapproach</a></td></tr><tr class="failedeven"><td><a href="#m4">validateformPagewithDataDrivenapproach</a></td></tr><tr><th colspan="4">FunctionalTests &#8212; passed</th></tr><tr class="passedeven"><td rowspan="1">com.ca.qa.testcases.CalanderPageTest</td><td><a href="#m5">validateCalenderNavigationandFunctionality</a></td><td rowspan="1">1764679074756</td><td rowspan="1">1506</td></tr><tr class="passedodd"><td rowspan="1">com.ca.qa.testcases.FormPageTest</td><td><a href="#m6">validateformPagewithDataDrivenapproach</a></td><td rowspan="1">1764679228800</td><td rowspan="1">1219</td></tr><tr class="passedeven"><td rowspan="2">com.ca.qa.testcases.HomePageTest</td><td><a href="#m7">validateCalanderFunctionalityOnHomePage</a></td><td rowspan="1">1764679131710</td><td rowspan="1">3673</td></tr><tr class="passedeven"><td><a href="#m8">validateUserIsOnHomePage</a></td><td rowspan="1">1764679100693</td><td rowspan="1">2475</td></tr><tr class="passedodd"><td rowspan="3">com.ca.qa.testcases.LoginPageTest</td><td><a href="#m9">loginPagelogoValidation</a></td><td rowspan="1">1764678995276</td><td rowspan="1">122</td></tr><tr class="passedodd"><td><a href="#m10">validateUserabletoNavigatetoHomepagepostLogin</a></td><td rowspan="1">1764679046398</td><td rowspan="1">6501</td></tr><tr class="passedodd"><td><a href="#m11">vlaidateUserabletoNavigateToSignInForm</a></td><td rowspan="1">1764679018992</td><td rowspan="1">9958</td></tr></tbody>
</table>
<h2>FunctionalTests</h2><h3 id="m0">com.ca.qa.testcases.FormPageTest#validateformPagewithDataDrivenapproach</h3><table class="result"><tr class="param"><th>Parameter #1</th><th>Parameter #2</th></tr><tr class="param stripe"><td>dnvdshv</td><td> vnkjdvkj</td></tr><tr><th colspan="2">Exception</th></tr><tr><td colspan="2"><div class="stacktrace">java.lang.AssertionError: Submit button should be enabled expected [true] but found [false]
	at com.ca.qa.pages.FormPage.validateFormPagefunctionality(FormPage.java:49)
	at com.ca.qa.testcases.FormPageTest.validateformPagewithDataDrivenapproach(FormPageTest.java:43)
	at java.base/java.util.ArrayList.forEach(ArrayList.java:1596)
... Removed 28 stack frames</div></td></tr></table><p class="totop"><a href="#summary">back to summary</a></p>
<h3 id="m1">com.ca.qa.testcases.FormPageTest#validateformPagewithDataDrivenapproach</h3><table class="result"><tr class="param"><th>Parameter #1</th><th>Parameter #2</th></tr><tr class="param stripe"><td>svahg</td><td>djssjgd</td></tr><tr><th colspan="2">Exception</th></tr><tr><td colspan="2"><div class="stacktrace">java.lang.AssertionError: Submit button should be enabled expected [true] but found [false]
	at com.ca.qa.pages.FormPage.validateFormPagefunctionality(FormPage.java:49)
	at com.ca.qa.testcases.FormPageTest.validateformPagewithDataDrivenapproach(FormPageTest.java:43)
	at java.base/java.util.ArrayList.forEach(ArrayList.java:1596)
... Removed 28 stack frames</div></td></tr></table><p class="totop"><a href="#summary">back to summary</a></p>
<h3 id="m2">com.ca.qa.testcases.FormPageTest#validateformPagewithDataDrivenapproach</h3><table class="result"><tr class="param"><th>Parameter #1</th><th>Parameter #2</th></tr><tr class="param stripe"><td>cmbdsckjds</td><td>nmcbdmvhkd</td></tr><tr><th colspan="2">Exception</th></tr><tr><td colspan="2"><div class="stacktrace">java.lang.AssertionError: Submit button should be enabled expected [true] but found [false]
	at com.ca.qa.pages.FormPage.validateFormPagefunctionality(FormPage.java:49)
	at com.ca.qa.testcases.FormPageTest.validateformPagewithDataDrivenapproach(FormPageTest.java:43)
	at java.base/java.util.ArrayList.forEach(ArrayList.java:1596)
... Removed 28 stack frames</div></td></tr></table><p class="totop"><a href="#summary">back to summary</a></p>
<h3 id="m3">com.ca.qa.testcases.FormPageTest#validateformPagewithDataDrivenapproach</h3><table class="result"><tr class="param"><th>Parameter #1</th><th>Parameter #2</th></tr><tr class="param stripe"><td>Abs</td><td>rew</td></tr><tr><th colspan="2">Exception</th></tr><tr><td colspan="2"><div class="stacktrace">java.lang.AssertionError: Submit button should be enabled expected [true] but found [false]
	at com.ca.qa.pages.FormPage.validateFormPagefunctionality(FormPage.java:49)
	at com.ca.qa.testcases.FormPageTest.validateformPagewithDataDrivenapproach(FormPageTest.java:43)
	at java.base/java.util.ArrayList.forEach(ArrayList.java:1596)
... Removed 28 stack frames</div></td></tr></table><p class="totop"><a href="#summary">back to summary</a></p>
<h3 id="m4">com.ca.qa.testcases.FormPageTest#validateformPagewithDataDrivenapproach</h3><table class="result"><tr class="param"><th>Parameter #1</th><th>Parameter #2</th></tr><tr class="param stripe"><td>cdigsvu</td><td> ckdkv</td></tr><tr><th colspan="2">Exception</th></tr><tr><td colspan="2"><div class="stacktrace">java.lang.AssertionError: Submit button should be enabled expected [true] but found [false]
	at com.ca.qa.pages.FormPage.validateFormPagefunctionality(FormPage.java:49)
	at com.ca.qa.testcases.FormPageTest.validateformPagewithDataDrivenapproach(FormPageTest.java:43)
	at java.base/java.util.ArrayList.forEach(ArrayList.java:1596)
... Removed 28 stack frames</div></td></tr></table><p class="totop"><a href="#summary">back to summary</a></p>
<h3 id="m5">com.ca.qa.testcases.CalanderPageTest#validateCalenderNavigationandFunctionality</h3><table class="result"><tr><th class="invisible"/></tr></table><p class="totop"><a href="#summary">back to summary</a></p>
<h3 id="m6">com.ca.qa.testcases.FormPageTest#validateformPagewithDataDrivenapproach</h3><table class="result"><tr class="param"><th>Parameter #1</th><th>Parameter #2</th></tr><tr class="param stripe"><td>dcnbjdgv</td><td>mcbdjvkjd</td></tr></table><p class="totop"><a href="#summary">back to summary</a></p>
<h3 id="m7">com.ca.qa.testcases.HomePageTest#validateCalanderFunctionalityOnHomePage</h3><table class="result"><tr><th class="invisible"/></tr></table><p class="totop"><a href="#summary">back to summary</a></p>
<h3 id="m8">com.ca.qa.testcases.HomePageTest#validateUserIsOnHomePage</h3><table class="result"><tr><th class="invisible"/></tr></table><p class="totop"><a href="#summary">back to summary</a></p>
<h3 id="m9">com.ca.qa.testcases.LoginPageTest#loginPagelogoValidation</h3><table class="result"><tr><th class="invisible"/></tr></table><p class="totop"><a href="#summary">back to summary</a></p>
<h3 id="m10">com.ca.qa.testcases.LoginPageTest#validateUserabletoNavigatetoHomepagepostLogin</h3><table class="result"><tr><th class="invisible"/></tr></table><p class="totop"><a href="#summary">back to summary</a></p>
<h3 id="m11">com.ca.qa.testcases.LoginPageTest#vlaidateUserabletoNavigateToSignInForm</h3><table class="result"><tr><th class="invisible"/></tr></table><p class="totop"><a href="#summary">back to summary</a></p>
</body>
</html>
