<?xml version="1.0" encoding="UTF-8"?>
<testng-results ignored="0" total="6" passed="6" failed="0" skipped="0">
  <reporter-output>
  </reporter-output>
  <suite started-at="2025-12-02T17:57:12 IST" name="MyFirstProject" finished-at="2025-12-02T17:59:24 IST" duration-ms="131546">
    <groups>
    </groups>
    <test started-at="2025-12-02T17:57:12 IST" name="FunctionalTests" finished-at="2025-12-02T17:59:24 IST" duration-ms="131546">
      <class name="com.ca.qa.testcases.CalanderPageTest">
        <test-method is-config="true" signature="setup()[pri:0, instance:com.ca.qa.testcases.CalanderPageTest@ae13544]" started-at="2025-12-02T17:58:07 IST" name="setup" finished-at="2025-12-02T17:58:31 IST" duration-ms="23888" status="PASS">
          <reporter-output>
          </reporter-output>
        </test-method> <!-- setup -->
        <test-method signature="validateCalenderNavigationandFunctionality()[pri:0, instance:com.ca.qa.testcases.CalanderPageTest@ae13544]" started-at="2025-12-02T17:58:31 IST" name="validateCalenderNavigationandFunctionality" finished-at="2025-12-02T17:58:33 IST" duration-ms="2113" status="PASS">
          <reporter-output>
          </reporter-output>
        </test-method> <!-- validateCalenderNavigationandFunctionality -->
        <test-method is-config="true" signature="tearDown()[pri:0, instance:com.ca.qa.testcases.CalanderPageTest@ae13544]" started-at="2025-12-02T17:58:33 IST" name="tearDown" finished-at="2025-12-02T17:58:37 IST" duration-ms="3942" status="PASS">
          <reporter-output>
          </reporter-output>
        </test-method> <!-- tearDown -->
      </class> <!-- com.ca.qa.testcases.CalanderPageTest -->
      <class name="com.ca.qa.testcases.HomePageTest">
        <test-method is-config="true" signature="setup()[pri:0, instance:com.ca.qa.testcases.HomePageTest@3d34d211]" started-at="2025-12-02T17:58:37 IST" name="setup" finished-at="2025-12-02T17:58:55 IST" duration-ms="17321" status="PASS">
          <reporter-output>
          </reporter-output>
        </test-method> <!-- setup -->
        <test-method signature="validateUserIsOnHomePage()[pri:1, instance:com.ca.qa.testcases.HomePageTest@3d34d211]" started-at="2025-12-02T17:58:55 IST" name="validateUserIsOnHomePage" finished-at="2025-12-02T17:58:57 IST" duration-ms="2745" status="PASS">
          <reporter-output>
          </reporter-output>
        </test-method> <!-- validateUserIsOnHomePage -->
        <test-method is-config="true" signature="teerDown()[pri:0, instance:com.ca.qa.testcases.HomePageTest@3d34d211]" started-at="2025-12-02T17:58:57 IST" name="teerDown" finished-at="2025-12-02T17:59:01 IST" duration-ms="3589" status="PASS">
          <reporter-output>
          </reporter-output>
        </test-method> <!-- teerDown -->
        <test-method is-config="true" signature="setup()[pri:0, instance:com.ca.qa.testcases.HomePageTest@3d34d211]" started-at="2025-12-02T17:59:01 IST" name="setup" finished-at="2025-12-02T17:59:17 IST" duration-ms="16565" status="PASS">
          <reporter-output>
          </reporter-output>
        </test-method> <!-- setup -->
        <test-method signature="validateCalanderFunctionalityOnHomePage()[pri:2, instance:com.ca.qa.testcases.HomePageTest@3d34d211]" started-at="2025-12-02T17:59:17 IST" name="validateCalanderFunctionalityOnHomePage" finished-at="2025-12-02T17:59:20 IST" duration-ms="2591" status="PASS">
          <reporter-output>
          </reporter-output>
        </test-method> <!-- validateCalanderFunctionalityOnHomePage -->
        <test-method is-config="true" signature="teerDown()[pri:0, instance:com.ca.qa.testcases.HomePageTest@3d34d211]" started-at="2025-12-02T17:59:20 IST" name="teerDown" finished-at="2025-12-02T17:59:24 IST" duration-ms="3645" status="PASS">
          <reporter-output>
          </reporter-output>
        </test-method> <!-- teerDown -->
      </class> <!-- com.ca.qa.testcases.HomePageTest -->
      <class name="com.ca.qa.testcases.LoginPageTest">
        <test-method is-config="true" signature="setup()[pri:0, instance:com.ca.qa.testcases.LoginPageTest@6ed3ccb2]" started-at="2025-12-02T17:57:12 IST" name="setup" finished-at="2025-12-02T17:57:27 IST" duration-ms="14547" status="PASS">
          <reporter-output>
          </reporter-output>
        </test-method> <!-- setup -->
        <test-method signature="loginPagelogoValidation()[pri:1, instance:com.ca.qa.testcases.LoginPageTest@6ed3ccb2]" started-at="2025-12-02T17:57:27 IST" name="loginPagelogoValidation" finished-at="2025-12-02T17:57:27 IST" duration-ms="107" status="PASS">
          <reporter-output>
          </reporter-output>
        </test-method> <!-- loginPagelogoValidation -->
        <test-method is-config="true" signature="tearDown()[pri:0, instance:com.ca.qa.testcases.LoginPageTest@6ed3ccb2]" started-at="2025-12-02T17:57:27 IST" name="tearDown" finished-at="2025-12-02T17:57:30 IST" duration-ms="3430" status="PASS">
          <reporter-output>
          </reporter-output>
        </test-method> <!-- tearDown -->
        <test-method is-config="true" signature="setup()[pri:0, instance:com.ca.qa.testcases.LoginPageTest@6ed3ccb2]" started-at="2025-12-02T17:57:30 IST" name="setup" finished-at="2025-12-02T17:57:42 IST" duration-ms="11533" status="PASS">
          <reporter-output>
          </reporter-output>
        </test-method> <!-- setup -->
        <test-method signature="vlaidateUserabletoNavigateToSignInForm()[pri:2, instance:com.ca.qa.testcases.LoginPageTest@6ed3ccb2]" started-at="2025-12-02T17:57:42 IST" name="vlaidateUserabletoNavigateToSignInForm" finished-at="2025-12-02T17:57:47 IST" duration-ms="5246" status="PASS">
          <reporter-output>
          </reporter-output>
        </test-method> <!-- vlaidateUserabletoNavigateToSignInForm -->
        <test-method is-config="true" signature="tearDown()[pri:0, instance:com.ca.qa.testcases.LoginPageTest@6ed3ccb2]" started-at="2025-12-02T17:57:47 IST" name="tearDown" finished-at="2025-12-02T17:57:51 IST" duration-ms="3817" status="PASS">
          <reporter-output>
          </reporter-output>
        </test-method> <!-- tearDown -->
        <test-method is-config="true" signature="setup()[pri:0, instance:com.ca.qa.testcases.LoginPageTest@6ed3ccb2]" started-at="2025-12-02T17:57:51 IST" name="setup" finished-at="2025-12-02T17:58:00 IST" duration-ms="8756" status="PASS">
          <reporter-output>
          </reporter-output>
        </test-method> <!-- setup -->
        <test-method signature="validateUserabletoNavigatetoHomepagepostLogin()[pri:3, instance:com.ca.qa.testcases.LoginPageTest@6ed3ccb2]" started-at="2025-12-02T17:58:00 IST" name="validateUserabletoNavigatetoHomepagepostLogin" finished-at="2025-12-02T17:58:04 IST" duration-ms="4282" status="PASS">
          <reporter-output>
          </reporter-output>
        </test-method> <!-- validateUserabletoNavigatetoHomepagepostLogin -->
        <test-method is-config="true" signature="tearDown()[pri:0, instance:com.ca.qa.testcases.LoginPageTest@6ed3ccb2]" started-at="2025-12-02T17:58:04 IST" name="tearDown" finished-at="2025-12-02T17:58:07 IST" duration-ms="3379" status="PASS">
          <reporter-output>
          </reporter-output>
        </test-method> <!-- tearDown -->
      </class> <!-- com.ca.qa.testcases.LoginPageTest -->
    </test> <!-- FunctionalTests -->
  </suite> <!-- MyFirstProject -->
</testng-results>
