<?xml version="1.0" encoding="UTF-8"?>
<testng-results ignored="0" total="6" passed="6" failed="0" skipped="0">
  <reporter-output>
  </reporter-output>
  <suite started-at="2025-11-28T12:17:19 IST" name="MyFirstProject" finished-at="2025-11-28T12:18:26 IST" duration-ms="66298">
    <groups>
    </groups>
    <test started-at="2025-11-28T12:17:19 IST" name="FunctionalTests" finished-at="2025-11-28T12:18:26 IST" duration-ms="66298">
      <class name="com.ca.qa.testcases.CalanderPageTest">
        <test-method is-config="true" signature="setup()[pri:0, instance:com.ca.qa.testcases.CalanderPageTest@24269709]" started-at="2025-11-28T12:17:50 IST" name="setup" finished-at="2025-11-28T12:17:58 IST" duration-ms="8518" status="PASS">
          <reporter-output>
          </reporter-output>
        </test-method> <!-- setup -->
        <test-method signature="validateCalenderNavigationandFunctionality()[pri:0, instance:com.ca.qa.testcases.CalanderPageTest@24269709]" started-at="2025-11-28T12:17:58 IST" name="validateCalenderNavigationandFunctionality" finished-at="2025-11-28T12:17:59 IST" duration-ms="815" status="PASS">
          <reporter-output>
          </reporter-output>
        </test-method> <!-- validateCalenderNavigationandFunctionality -->
        <test-method is-config="true" signature="tearDown()[pri:0, instance:com.ca.qa.testcases.CalanderPageTest@24269709]" started-at="2025-11-28T12:17:59 IST" name="tearDown" finished-at="2025-11-28T12:18:02 IST" duration-ms="3290" status="PASS">
          <reporter-output>
          </reporter-output>
        </test-method> <!-- tearDown -->
      </class> <!-- com.ca.qa.testcases.CalanderPageTest -->
      <class name="com.ca.qa.testcases.HomePageTest">
        <test-method is-config="true" signature="setup()[pri:0, instance:com.ca.qa.testcases.HomePageTest@2aceadd4]" started-at="2025-11-28T12:18:02 IST" name="setup" finished-at="2025-11-28T12:18:09 IST" duration-ms="7040" status="PASS">
          <reporter-output>
          </reporter-output>
        </test-method> <!-- setup -->
        <test-method signature="validateUserIsOnHomePage()[pri:1, instance:com.ca.qa.testcases.HomePageTest@2aceadd4]" started-at="2025-11-28T12:18:09 IST" name="validateUserIsOnHomePage" finished-at="2025-11-28T12:18:11 IST" duration-ms="1783" status="PASS">
          <reporter-output>
          </reporter-output>
        </test-method> <!-- validateUserIsOnHomePage -->
        <test-method is-config="true" signature="teerDown()[pri:0, instance:com.ca.qa.testcases.HomePageTest@2aceadd4]" started-at="2025-11-28T12:18:11 IST" name="teerDown" finished-at="2025-11-28T12:18:14 IST" duration-ms="3127" status="PASS">
          <reporter-output>
          </reporter-output>
        </test-method> <!-- teerDown -->
        <test-method is-config="true" signature="setup()[pri:0, instance:com.ca.qa.testcases.HomePageTest@2aceadd4]" started-at="2025-11-28T12:18:14 IST" name="setup" finished-at="2025-11-28T12:18:21 IST" duration-ms="6539" status="PASS">
          <reporter-output>
          </reporter-output>
        </test-method> <!-- setup -->
        <test-method signature="validateCalanderFunctionalityOnHomePage()[pri:2, instance:com.ca.qa.testcases.HomePageTest@2aceadd4]" started-at="2025-11-28T12:18:21 IST" name="validateCalanderFunctionalityOnHomePage" finished-at="2025-11-28T12:18:23 IST" duration-ms="1922" status="PASS">
          <reporter-output>
          </reporter-output>
        </test-method> <!-- validateCalanderFunctionalityOnHomePage -->
        <test-method is-config="true" signature="teerDown()[pri:0, instance:com.ca.qa.testcases.HomePageTest@2aceadd4]" started-at="2025-11-28T12:18:23 IST" name="teerDown" finished-at="2025-11-28T12:18:26 IST" duration-ms="3164" status="PASS">
          <reporter-output>
          </reporter-output>
        </test-method> <!-- teerDown -->
      </class> <!-- com.ca.qa.testcases.HomePageTest -->
      <class name="com.ca.qa.testcases.LoginPageTest">
        <test-method is-config="true" signature="setup()[pri:0, instance:com.ca.qa.testcases.LoginPageTest@5b12b668]" started-at="2025-11-28T12:17:20 IST" name="setup" finished-at="2025-11-28T12:17:27 IST" duration-ms="7404" status="PASS">
          <reporter-output>
          </reporter-output>
        </test-method> <!-- setup -->
        <test-method signature="loginPagelogoValidation()[pri:1, instance:com.ca.qa.testcases.LoginPageTest@5b12b668]" started-at="2025-11-28T12:17:27 IST" name="loginPagelogoValidation" finished-at="2025-11-28T12:17:27 IST" duration-ms="51" status="PASS">
          <reporter-output>
          </reporter-output>
        </test-method> <!-- loginPagelogoValidation -->
        <test-method is-config="true" signature="tearDown()[pri:0, instance:com.ca.qa.testcases.LoginPageTest@5b12b668]" started-at="2025-11-28T12:17:27 IST" name="tearDown" finished-at="2025-11-28T12:17:30 IST" duration-ms="3370" status="PASS">
          <reporter-output>
          </reporter-output>
        </test-method> <!-- tearDown -->
        <test-method is-config="true" signature="setup()[pri:0, instance:com.ca.qa.testcases.LoginPageTest@5b12b668]" started-at="2025-11-28T12:17:30 IST" name="setup" finished-at="2025-11-28T12:17:34 IST" duration-ms="3831" status="PASS">
          <reporter-output>
          </reporter-output>
        </test-method> <!-- setup -->
        <test-method signature="vlaidateUserabletoNavigateToSignInForm()[pri:2, instance:com.ca.qa.testcases.LoginPageTest@5b12b668]" started-at="2025-11-28T12:17:34 IST" name="vlaidateUserabletoNavigateToSignInForm" finished-at="2025-11-28T12:17:37 IST" duration-ms="2538" status="PASS">
          <reporter-output>
          </reporter-output>
        </test-method> <!-- vlaidateUserabletoNavigateToSignInForm -->
        <test-method is-config="true" signature="tearDown()[pri:0, instance:com.ca.qa.testcases.LoginPageTest@5b12b668]" started-at="2025-11-28T12:17:37 IST" name="tearDown" finished-at="2025-11-28T12:17:40 IST" duration-ms="3088" status="PASS">
          <reporter-output>
          </reporter-output>
        </test-method> <!-- tearDown -->
        <test-method is-config="true" signature="setup()[pri:0, instance:com.ca.qa.testcases.LoginPageTest@5b12b668]" started-at="2025-11-28T12:17:40 IST" name="setup" finished-at="2025-11-28T12:17:44 IST" duration-ms="3849" status="PASS">
          <reporter-output>
          </reporter-output>
        </test-method> <!-- setup -->
        <test-method signature="validateUserabletoNavigatetoHomepagepostLogin()[pri:3, instance:com.ca.qa.testcases.LoginPageTest@5b12b668]" started-at="2025-11-28T12:17:44 IST" name="validateUserabletoNavigatetoHomepagepostLogin" finished-at="2025-11-28T12:17:47 IST" duration-ms="2891" status="PASS">
          <reporter-output>
          </reporter-output>
        </test-method> <!-- validateUserabletoNavigatetoHomepagepostLogin -->
        <test-method is-config="true" signature="tearDown()[pri:0, instance:com.ca.qa.testcases.LoginPageTest@5b12b668]" started-at="2025-11-28T12:17:47 IST" name="tearDown" finished-at="2025-11-28T12:17:50 IST" duration-ms="3017" status="PASS">
          <reporter-output>
          </reporter-output>
        </test-method> <!-- tearDown -->
      </class> <!-- com.ca.qa.testcases.LoginPageTest -->
    </test> <!-- FunctionalTests -->
  </suite> <!-- MyFirstProject -->
</testng-results>
