<?xml version="1.0" encoding="UTF-8"?>
<testng-results ignored="0" total="6" passed="6" failed="0" skipped="0">
  <reporter-output>
  </reporter-output>
  <suite started-at="2025-11-29T12:15:36 IST" name="Default suite" finished-at="2025-11-29T12:17:20 IST" duration-ms="103517">
    <groups>
    </groups>
    <test started-at="2025-11-29T12:15:36 IST" name="Default test" finished-at="2025-11-29T12:17:20 IST" duration-ms="103517">
      <class name="com.ca.qa.testcases.FormPageTest">
        <test-method is-config="true" signature="setup()[pri:0, instance:com.ca.qa.testcases.FormPageTest@3bf7ca37]" started-at="2025-11-29T12:15:37 IST" name="setup" finished-at="2025-11-29T12:15:49 IST" duration-ms="12440" status="PASS">
          <reporter-output>
          </reporter-output>
        </test-method> <!-- setup -->
        <test-method signature="validateformPagewithDataDrivenapproach(java.lang.String,java.lang.String)[pri:0, instance:com.ca.qa.testcases.FormPageTest@3bf7ca37]" started-at="2025-11-29T12:15:49 IST" name="validateformPagewithDataDrivenapproach" data-provider="gettestData" finished-at="2025-11-29T12:15:51 IST" duration-ms="1353" status="PASS">
          <params>
            <param index="0">
              <value>
                <![CDATA[Abs]]>
              </value>
            </param>
            <param index="1">
              <value>
                <![CDATA[rew]]>
              </value>
            </param>
          </params>
          <reporter-output>
          </reporter-output>
        </test-method> <!-- validateformPagewithDataDrivenapproach -->
        <test-method is-config="true" signature="tearDown()[pri:0, instance:com.ca.qa.testcases.FormPageTest@3bf7ca37]" started-at="2025-11-29T12:15:51 IST" name="tearDown" finished-at="2025-11-29T12:15:54 IST" duration-ms="3581" status="PASS">
          <reporter-output>
          </reporter-output>
        </test-method> <!-- tearDown -->
        <test-method is-config="true" signature="setup()[pri:0, instance:com.ca.qa.testcases.FormPageTest@3bf7ca37]" started-at="2025-11-29T12:15:54 IST" name="setup" finished-at="2025-11-29T12:16:04 IST" duration-ms="9903" status="PASS">
          <reporter-output>
          </reporter-output>
        </test-method> <!-- setup -->
        <test-method signature="validateformPagewithDataDrivenapproach(java.lang.String,java.lang.String)[pri:0, instance:com.ca.qa.testcases.FormPageTest@3bf7ca37]" started-at="2025-11-29T12:16:04 IST" name="validateformPagewithDataDrivenapproach" data-provider="gettestData" finished-at="2025-11-29T12:16:05 IST" duration-ms="1020" status="PASS">
          <params>
            <param index="0">
              <value>
                <![CDATA[svahg]]>
              </value>
            </param>
            <param index="1">
              <value>
                <![CDATA[djssjgd]]>
              </value>
            </param>
          </params>
          <reporter-output>
          </reporter-output>
        </test-method> <!-- validateformPagewithDataDrivenapproach -->
        <test-method is-config="true" signature="tearDown()[pri:0, instance:com.ca.qa.testcases.FormPageTest@3bf7ca37]" started-at="2025-11-29T12:16:05 IST" name="tearDown" finished-at="2025-11-29T12:16:09 IST" duration-ms="3515" status="PASS">
          <reporter-output>
          </reporter-output>
        </test-method> <!-- tearDown -->
        <test-method is-config="true" signature="setup()[pri:0, instance:com.ca.qa.testcases.FormPageTest@3bf7ca37]" started-at="2025-11-29T12:16:09 IST" name="setup" finished-at="2025-11-29T12:16:20 IST" duration-ms="11845" status="PASS">
          <reporter-output>
          </reporter-output>
        </test-method> <!-- setup -->
        <test-method signature="validateformPagewithDataDrivenapproach(java.lang.String,java.lang.String)[pri:0, instance:com.ca.qa.testcases.FormPageTest@3bf7ca37]" started-at="2025-11-29T12:16:20 IST" name="validateformPagewithDataDrivenapproach" data-provider="gettestData" finished-at="2025-11-29T12:16:22 IST" duration-ms="1392" status="PASS">
          <params>
            <param index="0">
              <value>
                <![CDATA[dcnbjdgv]]>
              </value>
            </param>
            <param index="1">
              <value>
                <![CDATA[mcbdjvkjd]]>
              </value>
            </param>
          </params>
          <reporter-output>
          </reporter-output>
        </test-method> <!-- validateformPagewithDataDrivenapproach -->
        <test-method is-config="true" signature="tearDown()[pri:0, instance:com.ca.qa.testcases.FormPageTest@3bf7ca37]" started-at="2025-11-29T12:16:22 IST" name="tearDown" finished-at="2025-11-29T12:16:26 IST" duration-ms="3723" status="PASS">
          <reporter-output>
          </reporter-output>
        </test-method> <!-- tearDown -->
        <test-method is-config="true" signature="setup()[pri:0, instance:com.ca.qa.testcases.FormPageTest@3bf7ca37]" started-at="2025-11-29T12:16:26 IST" name="setup" finished-at="2025-11-29T12:16:37 IST" duration-ms="11903" status="PASS">
          <reporter-output>
          </reporter-output>
        </test-method> <!-- setup -->
        <test-method signature="validateformPagewithDataDrivenapproach(java.lang.String,java.lang.String)[pri:0, instance:com.ca.qa.testcases.FormPageTest@3bf7ca37]" started-at="2025-11-29T12:16:37 IST" name="validateformPagewithDataDrivenapproach" data-provider="gettestData" finished-at="2025-11-29T12:16:39 IST" duration-ms="1534" status="PASS">
          <params>
            <param index="0">
              <value>
                <![CDATA[cmbdsckjds]]>
              </value>
            </param>
            <param index="1">
              <value>
                <![CDATA[nmcbdmvhkd]]>
              </value>
            </param>
          </params>
          <reporter-output>
          </reporter-output>
        </test-method> <!-- validateformPagewithDataDrivenapproach -->
        <test-method is-config="true" signature="tearDown()[pri:0, instance:com.ca.qa.testcases.FormPageTest@3bf7ca37]" started-at="2025-11-29T12:16:39 IST" name="tearDown" finished-at="2025-11-29T12:16:43 IST" duration-ms="3662" status="PASS">
          <reporter-output>
          </reporter-output>
        </test-method> <!-- tearDown -->
        <test-method is-config="true" signature="setup()[pri:0, instance:com.ca.qa.testcases.FormPageTest@3bf7ca37]" started-at="2025-11-29T12:16:43 IST" name="setup" finished-at="2025-11-29T12:16:53 IST" duration-ms="10596" status="PASS">
          <reporter-output>
          </reporter-output>
        </test-method> <!-- setup -->
        <test-method signature="validateformPagewithDataDrivenapproach(java.lang.String,java.lang.String)[pri:0, instance:com.ca.qa.testcases.FormPageTest@3bf7ca37]" started-at="2025-11-29T12:16:53 IST" name="validateformPagewithDataDrivenapproach" data-provider="gettestData" finished-at="2025-11-29T12:16:55 IST" duration-ms="1234" status="PASS">
          <params>
            <param index="0">
              <value>
                <![CDATA[dnvdshv]]>
              </value>
            </param>
            <param index="1">
              <value>
                <![CDATA[ vnkjdvkj]]>
              </value>
            </param>
          </params>
          <reporter-output>
          </reporter-output>
        </test-method> <!-- validateformPagewithDataDrivenapproach -->
        <test-method is-config="true" signature="tearDown()[pri:0, instance:com.ca.qa.testcases.FormPageTest@3bf7ca37]" started-at="2025-11-29T12:16:55 IST" name="tearDown" finished-at="2025-11-29T12:16:58 IST" duration-ms="3159" status="PASS">
          <reporter-output>
          </reporter-output>
        </test-method> <!-- tearDown -->
        <test-method is-config="true" signature="setup()[pri:0, instance:com.ca.qa.testcases.FormPageTest@3bf7ca37]" started-at="2025-11-29T12:16:58 IST" name="setup" finished-at="2025-11-29T12:17:15 IST" duration-ms="17616" status="PASS">
          <reporter-output>
          </reporter-output>
        </test-method> <!-- setup -->
        <test-method signature="validateformPagewithDataDrivenapproach(java.lang.String,java.lang.String)[pri:0, instance:com.ca.qa.testcases.FormPageTest@3bf7ca37]" started-at="2025-11-29T12:17:15 IST" name="validateformPagewithDataDrivenapproach" data-provider="gettestData" finished-at="2025-11-29T12:17:17 IST" duration-ms="1238" status="PASS">
          <params>
            <param index="0">
              <value>
                <![CDATA[cdigsvu]]>
              </value>
            </param>
            <param index="1">
              <value>
                <![CDATA[ ckdkv]]>
              </value>
            </param>
          </params>
          <reporter-output>
          </reporter-output>
        </test-method> <!-- validateformPagewithDataDrivenapproach -->
        <test-method is-config="true" signature="tearDown()[pri:0, instance:com.ca.qa.testcases.FormPageTest@3bf7ca37]" started-at="2025-11-29T12:17:17 IST" name="tearDown" finished-at="2025-11-29T12:17:20 IST" duration-ms="3236" status="PASS">
          <reporter-output>
          </reporter-output>
        </test-method> <!-- tearDown -->
      </class> <!-- com.ca.qa.testcases.FormPageTest -->
    </test> <!-- Default test -->
  </suite> <!-- Default suite -->
</testng-results>
