<?xml version="1.0" encoding="UTF-8"?>
<!-- Generated by org.testng.reporters.JUnitXMLReporter -->
<testsuite ignored="0" hostname="ASCGINLAP09511" failures="5" tests="12" name="FunctionalTests" time="338.279" errors="0" timestamp="2025-12-02T18:11:55 IST">
  <testcase classname="com.ca.qa.testcases.LoginPageTest" name="loginPagelogoValidation" time="0.122"/>
  <testcase classname="com.ca.qa.testcases.LoginPageTest" name="vlaidateUserabletoNavigateToSignInForm" time="9.958"/>
  <testcase classname="com.ca.qa.testcases.LoginPageTest" name="validateUserabletoNavigatetoHomepagepostLogin" time="6.501"/>
  <testcase classname="com.ca.qa.testcases.CalanderPageTest" name="validateCalenderNavigationandFunctionality" time="1.506"/>
  <testcase classname="com.ca.qa.testcases.HomePageTest" name="validateUserIsOnHomePage" time="2.475"/>
  <testcase classname="com.ca.qa.testcases.HomePageTest" name="validateCalanderFunctionalityOnHomePage" time="3.673"/>
  <testcase classname="com.ca.qa.testcases.FormPageTest" name="validateformPagewithDataDrivenapproach" time="1.109">
    <failure type="java.lang.AssertionError" message="Submit button should be enabled expected [true] but found [false]">
      <![CDATA[java.lang.AssertionError: Submit button should be enabled expected [true] but found [false]
at com.ca.qa.pages.FormPage.validateFormPagefunctionality(FormPage.java:49)
at com.ca.qa.testcases.FormPageTest.validateformPagewithDataDrivenapproach(FormPageTest.java:43)
at java.base/java.util.ArrayList.forEach(ArrayList.java:1596)
... Removed 28 stack frames]]>
    </failure>
  </testcase> <!-- validateformPagewithDataDrivenapproach -->
  <testcase classname="com.ca.qa.testcases.FormPageTest" name="validateformPagewithDataDrivenapproach" time="1.138">
    <failure type="java.lang.AssertionError" message="Submit button should be enabled expected [true] but found [false]">
      <![CDATA[java.lang.AssertionError: Submit button should be enabled expected [true] but found [false]
at com.ca.qa.pages.FormPage.validateFormPagefunctionality(FormPage.java:49)
at com.ca.qa.testcases.FormPageTest.validateformPagewithDataDrivenapproach(FormPageTest.java:43)
at java.base/java.util.ArrayList.forEach(ArrayList.java:1596)
... Removed 28 stack frames]]>
    </failure>
  </testcase> <!-- validateformPagewithDataDrivenapproach -->
  <testcase classname="com.ca.qa.testcases.FormPageTest" name="validateformPagewithDataDrivenapproach" time="1.219"/>
  <testcase classname="com.ca.qa.testcases.FormPageTest" name="validateformPagewithDataDrivenapproach" time="1.143">
    <failure type="java.lang.AssertionError" message="Submit button should be enabled expected [true] but found [false]">
      <![CDATA[java.lang.AssertionError: Submit button should be enabled expected [true] but found [false]
at com.ca.qa.pages.FormPage.validateFormPagefunctionality(FormPage.java:49)
at com.ca.qa.testcases.FormPageTest.validateformPagewithDataDrivenapproach(FormPageTest.java:43)
at java.base/java.util.ArrayList.forEach(ArrayList.java:1596)
... Removed 28 stack frames]]>
    </failure>
  </testcase> <!-- validateformPagewithDataDrivenapproach -->
  <testcase classname="com.ca.qa.testcases.FormPageTest" name="validateformPagewithDataDrivenapproach" time="1.156">
    <failure type="java.lang.AssertionError" message="Submit button should be enabled expected [true] but found [false]">
      <![CDATA[java.lang.AssertionError: Submit button should be enabled expected [true] but found [false]
at com.ca.qa.pages.FormPage.validateFormPagefunctionality(FormPage.java:49)
at com.ca.qa.testcases.FormPageTest.validateformPagewithDataDrivenapproach(FormPageTest.java:43)
at java.base/java.util.ArrayList.forEach(ArrayList.java:1596)
... Removed 28 stack frames]]>
    </failure>
  </testcase> <!-- validateformPagewithDataDrivenapproach -->
  <testcase classname="com.ca.qa.testcases.FormPageTest" name="validateformPagewithDataDrivenapproach" time="1.174">
    <failure type="java.lang.AssertionError" message="Submit button should be enabled expected [true] but found [false]">
      <![CDATA[java.lang.AssertionError: Submit button should be enabled expected [true] but found [false]
at com.ca.qa.pages.FormPage.validateFormPagefunctionality(FormPage.java:49)
at com.ca.qa.testcases.FormPageTest.validateformPagewithDataDrivenapproach(FormPageTest.java:43)
at java.base/java.util.ArrayList.forEach(ArrayList.java:1596)
... Removed 28 stack frames]]>
    </failure>
  </testcase> <!-- validateformPagewithDataDrivenapproach -->
</testsuite> <!-- FunctionalTests -->
