<?xml version="1.0" encoding="UTF-8"?>
<!-- Generated by org.testng.reporters.JUnitXMLReporter -->
<testsuite ignored="0" hostname="ASCGINLAP09511" failures="0" tests="6" name="FunctionalTests" time="131.546" errors="0" timestamp="2025-12-02T17:59:24 IST">
  <testcase classname="com.ca.qa.testcases.LoginPageTest" name="loginPagelogoValidation" time="0.107"/>
  <testcase classname="com.ca.qa.testcases.LoginPageTest" name="vlaidateUserabletoNavigateToSignInForm" time="5.246"/>
  <testcase classname="com.ca.qa.testcases.LoginPageTest" name="validateUserabletoNavigatetoHomepagepostLogin" time="4.282"/>
  <testcase classname="com.ca.qa.testcases.CalanderPageTest" name="validateCalenderNavigationandFunctionality" time="2.113"/>
  <testcase classname="com.ca.qa.testcases.HomePageTest" name="validateUserIsOnHomePage" time="2.745"/>
  <testcase classname="com.ca.qa.testcases.HomePageTest" name="validateCalanderFunctionalityOnHomePage" time="2.591"/>
</testsuite> <!-- FunctionalTests -->
