<?xml version="1.0" encoding="UTF-8"?>
<!-- Generated by org.testng.reporters.JUnitXMLReporter -->
<testsuite ignored="0" hostname="ASCGINLAP09511" failures="0" tests="6" name="FunctionalTests" time="66.298" errors="0" timestamp="2025-11-28T12:18:26 IST">
  <testcase classname="com.ca.qa.testcases.LoginPageTest" name="loginPagelogoValidation" time="0.051"/>
  <testcase classname="com.ca.qa.testcases.LoginPageTest" name="vlaidateUserabletoNavigateToSignInForm" time="2.538"/>
  <testcase classname="com.ca.qa.testcases.LoginPageTest" name="validateUserabletoNavigatetoHomepagepostLogin" time="2.891"/>
  <testcase classname="com.ca.qa.testcases.CalanderPageTest" name="validateCalenderNavigationandFunctionality" time="0.815"/>
  <testcase classname="com.ca.qa.testcases.HomePageTest" name="validateUserIsOnHomePage" time="1.783"/>
  <testcase classname="com.ca.qa.testcases.HomePageTest" name="validateCalanderFunctionalityOnHomePage" time="1.922"/>
</testsuite> <!-- FunctionalTests -->
