<?xml version="1.0" encoding="UTF-8"?>
<!-- Generated by org.testng.reporters.JUnitXMLReporter -->
<testsuite ignored="0" hostname="ASCGINLAP09511" failures="0" tests="6" name="FunctionalTests" time="68.406" errors="0" timestamp="2025-11-27T17:08:56 IST">
  <testcase classname="com.ca.qa.testcases.LoginPageTest" name="loginPagelogoValidation" time="0.056"/>
  <testcase classname="com.ca.qa.testcases.LoginPageTest" name="vlaidateUserabletoNavigateToSignInForm" time="2.597"/>
  <testcase classname="com.ca.qa.testcases.LoginPageTest" name="validateUserabletoNavigatetoHomepagepostLogin" time="2.763"/>
  <testcase classname="com.ca.qa.testcases.CalanderPageTest" name="validateCalenderNavigationandFunctionality" time="1.306"/>
  <testcase classname="com.ca.qa.testcases.HomePageTest" name="validateUserIsOnHomePage" time="1.855"/>
  <testcase classname="com.ca.qa.testcases.HomePageTest" name="validateCalanderFunctionalityOnHomePage" time="1.929"/>
</testsuite> <!-- FunctionalTests -->
