<?xml version="1.0" encoding="UTF-8"?>
<!-- Generated by org.testng.reporters.JUnitReportReporter -->
<testsuite hostname="ASCGINLAP09511" failures="0" tests="3" name="com.ca.qa.testcases.LoginPageTest" time="28.594" errors="0" timestamp="2025-11-27T17:08:57 IST" skipped="0">
  <testcase classname="com.ca.qa.testcases.LoginPageTest" name="loginPagelogoValidation" time="7.517"/>
  <testcase classname="com.ca.qa.testcases.LoginPageTest" name="vlaidateUserabletoNavigateToSignInForm" time="10.776"/>
  <testcase classname="com.ca.qa.testcases.LoginPageTest" name="validateUserabletoNavigatetoHomepagepostLogin" time="10.301"/>
</testsuite> <!-- com.ca.qa.testcases.LoginPageTest -->
