<?xml version="1.0" encoding="UTF-8"?>
<!-- Generated by org.testng.reporters.JUnitReportReporter -->
<testsuite hostname="ASCGINLAP09511" failures="0" tests="2" name="com.ca.qa.testcases.HomePageTest" time="46.456" errors="0" timestamp="2025-12-02T17:59:25 IST" skipped="0">
  <testcase classname="com.ca.qa.testcases.HomePageTest" name="validateUserIsOnHomePage" time="23.711"/>
  <testcase classname="com.ca.qa.testcases.HomePageTest" name="validateCalanderFunctionalityOnHomePage" time="22.745"/>
</testsuite> <!-- com.ca.qa.testcases.HomePageTest -->
