<?xml version="1.0" encoding="UTF-8"?>
<!-- Generated by org.testng.reporters.JUnitReportReporter -->
<testsuite hostname="ASCGINLAP09511" failures="0" tests="2" name="com.ca.qa.testcases.HomePageTest" time="59.709" errors="0" timestamp="2025-12-02T18:11:56 IST" skipped="0">
  <testcase classname="com.ca.qa.testcases.HomePageTest" name="validateUserIsOnHomePage" time="31.015"/>
  <testcase classname="com.ca.qa.testcases.HomePageTest" name="validateCalanderFunctionalityOnHomePage" time="28.694"/>
</testsuite> <!-- com.ca.qa.testcases.HomePageTest -->
