<?xml version="1.0" encoding="UTF-8"?>
<!-- Generated by org.testng.reporters.JUnitReportReporter -->
<testsuite hostname="ASCGINLAP09511" failures="0" tests="3" name="com.ca.qa.testcases.LoginPageTest" time="30.039" errors="0" timestamp="2025-11-28T12:18:26 IST" skipped="0">
  <testcase classname="com.ca.qa.testcases.LoginPageTest" name="loginPagelogoValidation" time="6.899"/>
  <testcase classname="com.ca.qa.testcases.LoginPageTest" name="vlaidateUserabletoNavigateToSignInForm" time="13.312"/>
  <testcase classname="com.ca.qa.testcases.LoginPageTest" name="validateUserabletoNavigatetoHomepagepostLogin" time="9.828"/>
</testsuite> <!-- com.ca.qa.testcases.LoginPageTest -->
