<?xml version="1.0" encoding="UTF-8"?>
<!-- Generated by org.testng.reporters.JUnitReportReporter -->
<testsuite hostname="ASCGINLAP09511" failures="0" tests="6" name="com.ca.qa.testcases.FormPageTest" time="102.950" errors="0" timestamp="2025-11-29T12:17:21 IST" skipped="0">
  <testcase classname="com.ca.qa.testcases.FormPageTest" name="validateformPagewithDataDrivenapproach" time="22.670"/>
  <testcase classname="com.ca.qa.testcases.FormPageTest" name="validateformPagewithDataDrivenapproach" time="16.315"/>
  <testcase classname="com.ca.qa.testcases.FormPageTest" name="validateformPagewithDataDrivenapproach" time="15.339"/>
  <testcase classname="com.ca.qa.testcases.FormPageTest" name="validateformPagewithDataDrivenapproach" time="17.018"/>
  <testcase classname="com.ca.qa.testcases.FormPageTest" name="validateformPagewithDataDrivenapproach" time="14.656"/>
  <testcase classname="com.ca.qa.testcases.FormPageTest" name="validateformPagewithDataDrivenapproach" time="16.952"/>
</testsuite> <!-- com.ca.qa.testcases.FormPageTest -->
